TABLETS
11,18,5
25.186480522596945,0.8,0.7583333333333333,0.9233461589188451
25.18718670161065,0.7181818181818181,0.688888888888889,0.9156355963313677
25.186426440918613,0.7545454545454545,0.7305555555555556,0.9203207036319112
25.186647324513835,0.8272727272727273,0.7583333333333333,0.9234863959262651
25.18674208625227,0.8,0.7583333333333333,0.9233461589188451
25.186830872229088,0.8,0.7583333333333333,0.9233461589188451
25.186780414163994,0.8,0.7583333333333333,0.9233461589188451
25.18687034318392,0.7181818181818181,0.688888888888889,0.9156355963313677
25.186658218954566,0.7909090909090909,0.5916666666666667,0.7240163174045787
25.186432543510392,0.8818181818181818,0.7916666666666666,0.9299006187757849
25.1870702324362,0.8545454545454546,0.7916666666666666,0.9297603817683647
TABLETS
11,18,5
25.186151738872162,0.8,0.7583333333333333,0.9233461589188451
25.18617074914199,0.7363636363636364,0.688888888888889,0.9340402140901474
25.186840799730124,0.7545454545454545,0.7305555555555556,0.9203207036319112
25.18675731114501,0.7636363636363636,0.5916666666666667,0.7238760803971586
25.18637666617437,0.7545454545454545,0.7305555555555556,0.9203207036319112
25.18669027882683,0.6727272727272727,0.6333333333333332,0.9006272769784155
25.186569260264193,0.8,0.7583333333333333,0.9233461589188451
25.186940568533352,0.6454545454545455,0.6333333333333332,0.8897604077828845
25.18647452347842,0.8272727272727273,0.7583333333333333,0.9234863959262651
25.186087245833722,0.8272727272727273,0.7583333333333333,0.9234863959262651
25.186827767093458,0.7454545454545455,0.5638888888888889,0.7209908621176448
TABLETS
11,18,5
25.185806584233216,0.8,0.7583333333333333,0.9233461589188451
25.186155792893853,0.7545454545454545,0.7305555555555556,0.9203207036319112
25.186598991677013,0.7454545454545455,0.48055555555555557,0.6764696761331412
25.18638779400317,0.7545454545454545,0.7305555555555556,0.9203207036319112
25.186053354110886,0.8545454545454546,0.7916666666666666,0.9297603817683647
25.18646305923232,0.8,0.7583333333333333,0.9233461589188451
25.185905094549266,0.7181818181818181,0.688888888888889,0.9156355963313677
25.18808831621236,0.6454545454545455,0.6333333333333332,0.8897604077828845
25.186225269399234,0.8,0.7583333333333333,0.9233461589188451
25.18668912807714,0.8272727272727273,0.7583333333333333,0.9234863959262651
25.18661386574746,0.8,0.7583333333333333,0.9233461589188451
