*-*-*-*-*-*-*-*-*-*09/04/2016 09:23:44*-*-*-*-*-*-*-*-*-* - Num. Evolutions:1000*-*-*-*-*-*-*-*-*-*
TV LCD-1000-false
8,21,3
21.8643471920605,0.7619047619047619,0.5625,0.7903730455550821
21.863979631911644,0.7857142857142857,0.9375,0.9930039144213109
21.86369451325762,0.7857142857142858,0.8541666666666666,0.9859082672066539
21.861434501382092,0.738095238095238,0.9375,0.9938215650467783
21.862528054803487,0.8571428571428572,0.9375,0.9956715916898556
21.864068338145334,0.8333333333333335,0.9375,0.9952018915600919
21.863308515634525,0.7619047619047619,0.9375,0.9923746259816842
21.867503883346032,0.6666666666666667,0.9375,0.9924682162706703
*-*-*-*-*-*-*-*-*-*09/04/2016 09:33:45*-*-*-*-*-*-*-*-*-* - Num. Evolutions:1000*-*-*-*-*-*-*-*-*-*
TV LCD-1000-false
8,21,3
21.8643471920605,0.7619047619047619,0.5625,0.7903730455550821
21.863954092248417,0.7857142857142857,0.9375,0.9930039144213109
21.863395625706445,0.8333333333333335,0.9375,0.9952018915600919
21.861561455875904,0.738095238095238,0.9375,0.9938215650467783
21.862528054803487,0.8571428571428572,0.9375,0.9956715916898556
21.864037071627333,0.8571428571428572,0.9375,0.9956715916898556
21.863094507466805,0.7857142857142857,0.9375,0.9930039144213109
21.867244036241882,0.6904761904761905,0.9375,0.9927030663355523
*-*-*-*-*-*-*-*-*-*09/04/2016 09:34:20*-*-*-*-*-*-*-*-*-* - Num. Evolutions:1000*-*-*-*-*-*-*-*-*-*
TV LCD-1000-false
8,21,3
21.86459093142432,0.738095238095238,0.5625,0.7473560897953888
21.86412914019217,0.8095238095238095,0.8125,0.9722600272735377
21.86328795195805,0.8333333333333335,0.9375,0.9952018915600919
21.861482024306802,0.738095238095238,0.9375,0.9938215650467783
21.862528054803487,0.8571428571428572,0.9375,0.9956715916898556
21.86406712287511,0.8333333333333335,0.9375,0.9952018915600919
21.86311076163667,0.7619047619047619,0.9375,0.9923746259816842
21.867125655144758,0.6904761904761905,0.9375,0.9927030663355523
*-*-*-*-*-*-*-*-*-*09/04/2016 09:35:52*-*-*-*-*-*-*-*-*-* - Num. Evolutions:1000*-*-*-*-*-*-*-*-*-*
TV LCD-1000-false
8,21,3
21.8643471920605,0.7619047619047619,0.5625,0.7903730455550821
21.86416879750447,0.8095238095238095,0.8125,0.9722600272735377
21.863541540763684,0.8333333333333335,0.9375,0.9952018915600919
21.861658891566737,0.738095238095238,0.9375,0.9938215650467783
21.862528054803487,0.8571428571428572,0.9375,0.9956715916898556
21.86418600700954,0.8333333333333333,0.9375,0.9944130148106024
21.86319406727664,0.7619047619047619,0.9375,0.9923746259816842
21.867146283118974,0.6904761904761905,0.9375,0.9927030663355523
*-*-*-*-*-*-*-*-*-*09/04/2016 09:36:30*-*-*-*-*-*-*-*-*-* - Num. Evolutions:1000*-*-*-*-*-*-*-*-*-*
TV LCD-1000-false
8,21,3
21.8643471920605,0.7619047619047619,0.5625,0.7903730455550821
21.86402197100524,0.7619047619047619,0.6875,0.871745926609007
21.863709402470977,0.8333333333333335,0.9375,0.9952018915600919
21.86155305019955,0.738095238095238,0.9375,0.9938215650467783
21.86248849841821,0.8571428571428572,0.9375,0.9956715916898556
21.86418600700954,0.8333333333333333,0.9375,0.9944130148106024
21.863308515634525,0.7619047619047619,0.9375,0.9923746259816842
21.867240038830104,0.6904761904761905,0.9375,0.9927030663355523
*-*-*-*-*-*-*-*-*-*09/04/2016 09:38:16*-*-*-*-*-*-*-*-*-* - Num. Evolutions:1000*-*-*-*-*-*-*-*-*-*
TV LCD-1000-false
8,21,3
21.8643471920605,0.7619047619047619,0.5625,0.7903730455550821
21.86402197100524,0.7619047619047619,0.6875,0.871745926609007
21.863541540763684,0.8333333333333335,0.9375,0.9952018915600919
21.861561455875904,0.738095238095238,0.9375,0.9938215650467783
21.862522254096888,0.8571428571428572,0.9375,0.9956715916898556
21.86406712287511,0.8333333333333335,0.9375,0.9952018915600919
21.863133912963395,0.7857142857142857,0.9375,0.9930039144213109
21.867141191710108,0.6904761904761905,0.9375,0.9927030663355523
*-*-*-*-*-*-*-*-*-*09/04/2016 09:38:53*-*-*-*-*-*-*-*-*-* - Num. Evolutions:1000*-*-*-*-*-*-*-*-*-*
TV LCD-1000-false
8,21,3
21.864559417616785,0.7619047619047619,0.5625,0.7918064319617895
21.86416879750447,0.8095238095238095,0.8125,0.9722600272735377
21.863432138584663,0.8333333333333335,0.9375,0.9952018915600919
21.861586981048536,0.738095238095238,0.9375,0.9938215650467783
21.862528054803487,0.8571428571428572,0.9375,0.9956715916898556
21.86418600700954,0.8333333333333333,0.9375,0.9944130148106024
21.863094507466805,0.7857142857142857,0.9375,0.9930039144213109
21.86714070744085,0.6904761904761905,0.9375,0.9927030663355523
*-*-*-*-*-*-*-*-*-*09/04/2016 09:40:45*-*-*-*-*-*-*-*-*-* - Num. Evolutions:1000*-*-*-*-*-*-*-*-*-*
TV LCD-1000-false
8,21,3
21.86459093142432,0.738095238095238,0.5625,0.7473560897953888
21.863979631911644,0.7857142857142857,0.9375,0.9930039144213109
21.86357539534524,0.8333333333333335,0.9375,0.9952018915600919
21.861525394237972,0.738095238095238,0.9375,0.9938215650467783
21.862528054803487,0.8571428571428572,0.9375,0.9956715916898556
21.86418600700954,0.8333333333333333,0.9375,0.9944130148106024
21.86299176099788,0.7857142857142857,0.9375,0.9930039144213109
21.867152245805674,0.6904761904761905,0.9375,0.9927030663355523
*-*-*-*-*-*-*-*-*-*09/04/2016 09:41:25*-*-*-*-*-*-*-*-*-* - Num. Evolutions:1000*-*-*-*-*-*-*-*-*-*
TV LCD-1000-false
8,21,3
21.8643471920605,0.7619047619047619,0.5625,0.7903730455550821
21.86402197100524,0.7619047619047619,0.6875,0.871745926609007
21.86360566609959,0.7857142857142858,0.8541666666666666,0.9859082672066539
21.861561455875904,0.738095238095238,0.9375,0.9938215650467783
21.862528054803487,0.8571428571428572,0.9375,0.9956715916898556
21.86396589809746,0.8333333333333335,0.9375,0.9952018915600919
21.86319406727664,0.7619047619047619,0.9375,0.9923746259816842
21.867125655144758,0.6904761904761905,0.9375,0.9927030663355523
*-*-*-*-*-*-*-*-*-*09/04/2016 09:43:17*-*-*-*-*-*-*-*-*-* - Num. Evolutions:1000*-*-*-*-*-*-*-*-*-*
TV LCD-1000-false
8,21,3
21.8643471920605,0.7619047619047619,0.5625,0.7903730455550821
21.86402197100524,0.7619047619047619,0.6875,0.871745926609007
21.86369451325762,0.7857142857142858,0.8541666666666666,0.9859082672066539
21.861608178345325,0.738095238095238,0.9375,0.9938215650467783
21.86269186702545,0.8571428571428572,0.9375,0.9956715916898556
21.86406712287511,0.8333333333333335,0.9375,0.9952018915600919
21.863308515634525,0.7619047619047619,0.9375,0.9923746259816842
21.86713420172242,0.6904761904761905,0.9375,0.9927030663355523
*-*-*-*-*-*-*-*-*-*09/04/2016 09:43:55*-*-*-*-*-*-*-*-*-* - Num. Evolutions:1000*-*-*-*-*-*-*-*-*-*
TV LCD-1000-false
8,21,3
21.8643471920605,0.7619047619047619,0.5625,0.7903730455550821
21.863979631911644,0.7857142857142857,0.9375,0.9930039144213109
21.86360566609959,0.7857142857142858,0.8541666666666666,0.9859082672066539
21.861531476291418,0.738095238095238,0.9375,0.9938215650467783
21.862522254096888,0.8571428571428572,0.9375,0.9956715916898556
21.864341606331635,0.8571428571428572,0.9375,0.9956715916898556
21.86319406727664,0.7619047619047619,0.9375,0.9923746259816842
21.867244036241882,0.6904761904761905,0.9375,0.9927030663355523
*-*-*-*-*-*-*-*-*-*09/04/2016 09:46:04*-*-*-*-*-*-*-*-*-* - Num. Evolutions:2000*-*-*-*-*-*-*-*-*-*
TV LCD-2000-false
8,21,3
21.86459093142432,0.738095238095238,0.5625,0.7473560897953888
21.86416879750447,0.8095238095238095,0.8125,0.9722600272735377
21.863541540763684,0.8333333333333335,0.9375,0.9952018915600919
21.86155305019955,0.738095238095238,0.9375,0.9938215650467783
21.862528054803487,0.8571428571428572,0.9375,0.9956715916898556
21.86418600700954,0.8333333333333333,0.9375,0.9944130148106024
21.86326908709038,0.7619047619047619,0.9375,0.9923746259816842
21.867121099257517,0.6904761904761905,0.9375,0.9927030663355523
*-*-*-*-*-*-*-*-*-*09/04/2016 09:47:17*-*-*-*-*-*-*-*-*-* - Num. Evolutions:2000*-*-*-*-*-*-*-*-*-*
TV LCD-2000-false
8,21,3
21.8643471920605,0.7619047619047619,0.5625,0.7903730455550821
21.864263068088693,0.7619047619047619,0.8125,0.9714954365414643
21.863541540763684,0.8333333333333335,0.9375,0.9952018915600919
21.86155305019955,0.738095238095238,0.9375,0.9938215650467783
21.862528054803487,0.8571428571428572,0.9375,0.9956715916898556
21.86406712287511,0.8333333333333335,0.9375,0.9952018915600919
21.86311076163667,0.7619047619047619,0.9375,0.9923746259816842
21.868117992206514,0.6666666666666667,0.9375,0.9924682162706703
*-*-*-*-*-*-*-*-*-*09/04/2016 09:50:40*-*-*-*-*-*-*-*-*-* - Num. Evolutions:2000*-*-*-*-*-*-*-*-*-*
TV LCD-2000-false
8,21,3
21.8643471920605,0.7619047619047619,0.5625,0.7903730455550821
21.863954092248417,0.7857142857142857,0.9375,0.9930039144213109
21.86371978635459,0.7857142857142858,0.8541666666666666,0.9859082672066539
21.861741729976448,0.6904761904761906,0.9375,0.9927225764773879
21.862528054803487,0.8571428571428572,0.9375,0.9956715916898556
21.864002491526982,0.8333333333333335,0.9375,0.9952018915600919
21.863133912963395,0.7857142857142857,0.9375,0.9930039144213109
21.86744291977521,0.6666666666666667,0.9375,0.9924682162706703
*-*-*-*-*-*-*-*-*-*09/04/2016 09:52:16*-*-*-*-*-*-*-*-*-* - Num. Evolutions:2000*-*-*-*-*-*-*-*-*-*
TV LCD-2000-false
8,21,3
21.8643471920605,0.7619047619047619,0.5625,0.7903730455550821
21.86402197100524,0.7619047619047619,0.6875,0.871745926609007
21.863639962067396,0.8333333333333335,0.9375,0.9952018915600919
21.86140095865093,0.738095238095238,0.9375,0.9938215650467783
21.862528054803487,0.8571428571428572,0.9375,0.9956715916898556
21.86406712287511,0.8333333333333335,0.9375,0.9952018915600919
21.863308515634525,0.7619047619047619,0.9375,0.9923746259816842
21.867058143756637,0.6428571428571428,0.9375,0.9911738848714049
*-*-*-*-*-*-*-*-*-*09/04/2016 09:55:40*-*-*-*-*-*-*-*-*-* - Num. Evolutions:2000*-*-*-*-*-*-*-*-*-*
TV LCD-2000-false
8,21,3
21.8643471920605,0.7619047619047619,0.5625,0.7903730455550821
21.86402197100524,0.7619047619047619,0.6875,0.871745926609007
21.86360566609959,0.7857142857142858,0.8541666666666666,0.9859082672066539
21.861561455875904,0.738095238095238,0.9375,0.9938215650467783
21.86269186702545,0.8571428571428572,0.9375,0.9956715916898556
21.86418600700954,0.8333333333333333,0.9375,0.9944130148106024
21.863308515634525,0.7619047619047619,0.9375,0.9923746259816842
21.867287453413205,0.6666666666666667,0.9375,0.9924682162706703
*-*-*-*-*-*-*-*-*-*09/04/2016 09:57:15*-*-*-*-*-*-*-*-*-* - Num. Evolutions:2000*-*-*-*-*-*-*-*-*-*
TV LCD-2000-false
8,21,3
21.864559417616785,0.7619047619047619,0.5625,0.7918064319617895
21.86402197100524,0.7619047619047619,0.6875,0.871745926609007
21.863450311076512,0.8333333333333335,0.9375,0.9952018915600919
21.86155305019955,0.738095238095238,0.9375,0.9938215650467783
21.862528054803487,0.8571428571428572,0.9375,0.9956715916898556
21.864092482788248,0.8333333333333335,0.9375,0.9952018915600919
21.863178626792983,0.7619047619047619,0.9375,0.9923746259816842
21.867357731475167,0.6904761904761905,0.9375,0.9927030663355523
*-*-*-*-*-*-*-*-*-*09/04/2016 10:00:40*-*-*-*-*-*-*-*-*-* - Num. Evolutions:2000*-*-*-*-*-*-*-*-*-*
TV LCD-2000-false
8,21,3
21.8643471920605,0.7619047619047619,0.5625,0.7903730455550821
21.86402197100524,0.7619047619047619,0.6875,0.871745926609007
21.863468870859435,0.8333333333333335,0.9375,0.9952018915600919
21.86155305019955,0.738095238095238,0.9375,0.9938215650467783
21.86269186702545,0.8571428571428572,0.9375,0.9956715916898556
21.86418600700954,0.8333333333333333,0.9375,0.9944130148106024
21.86311076163667,0.7619047619047619,0.9375,0.9923746259816842
21.8671253171826,0.6904761904761905,0.9375,0.9927030663355523
*-*-*-*-*-*-*-*-*-*09/04/2016 10:02:14*-*-*-*-*-*-*-*-*-* - Num. Evolutions:2000*-*-*-*-*-*-*-*-*-*
TV LCD-2000-false
8,21,3
21.86459093142432,0.738095238095238,0.5625,0.7473560897953888
21.863979631911644,0.7857142857142857,0.9375,0.9930039144213109
21.86369451325762,0.7857142857142858,0.8541666666666666,0.9859082672066539
21.861525394237972,0.738095238095238,0.9375,0.9938215650467783
21.862528054803487,0.8571428571428572,0.9375,0.9956715916898556
21.86406712287511,0.8333333333333335,0.9375,0.9952018915600919
21.863178626792983,0.7619047619047619,0.9375,0.9923746259816842
21.867141307764918,0.6904761904761905,0.9375,0.9927030663355523
*-*-*-*-*-*-*-*-*-*09/04/2016 10:05:42*-*-*-*-*-*-*-*-*-* - Num. Evolutions:2000*-*-*-*-*-*-*-*-*-*
TV LCD-2000-false
8,21,3
21.86459093142432,0.738095238095238,0.5625,0.7473560897953888
21.86416879750447,0.8095238095238095,0.8125,0.9722600272735377
21.86348664080366,0.8333333333333335,0.9375,0.9952018915600919
21.86155305019955,0.738095238095238,0.9375,0.9938215650467783
21.86248849841821,0.8571428571428572,0.9375,0.9956715916898556
21.86406712287511,0.8333333333333335,0.9375,0.9952018915600919
21.863133912963395,0.7857142857142857,0.9375,0.9930039144213109
21.86810288327374,0.6666666666666667,0.9375,0.9924682162706703
*-*-*-*-*-*-*-*-*-*09/04/2016 10:07:15*-*-*-*-*-*-*-*-*-* - Num. Evolutions:2000*-*-*-*-*-*-*-*-*-*
TV LCD-2000-false
8,21,3
21.8643471920605,0.7619047619047619,0.5625,0.7903730455550821
21.86402197100524,0.7619047619047619,0.6875,0.871745926609007
21.863432138584663,0.8333333333333335,0.9375,0.9952018915600919
21.861608178345325,0.738095238095238,0.9375,0.9938215650467783
21.862522254096888,0.8571428571428572,0.9375,0.9956715916898556
21.86406712287511,0.8333333333333335,0.9375,0.9952018915600919
21.86326908709038,0.7619047619047619,0.9375,0.9923746259816842
21.867141307764918,0.6904761904761905,0.9375,0.9927030663355523
*-*-*-*-*-*-*-*-*-*09/04/2016 10:11:03*-*-*-*-*-*-*-*-*-* - Num. Evolutions:3000*-*-*-*-*-*-*-*-*-*
TV LCD-3000-false
8,21,3
21.8643471920605,0.7619047619047619,0.5625,0.7903730455550821
21.86402197100524,0.7619047619047619,0.6875,0.871745926609007
21.86360566609959,0.7857142857142858,0.8541666666666666,0.9859082672066539
21.86147256829083,0.738095238095238,0.9375,0.9938215650467783
21.862528054803487,0.8571428571428572,0.9375,0.9956715916898556
21.86406712287511,0.8333333333333335,0.9375,0.9952018915600919
21.863178626792983,0.7619047619047619,0.9375,0.9923746259816842
21.8671253171826,0.6904761904761905,0.9375,0.9927030663355523
*-*-*-*-*-*-*-*-*-*09/04/2016 10:12:53*-*-*-*-*-*-*-*-*-* - Num. Evolutions:3000*-*-*-*-*-*-*-*-*-*
TV LCD-3000-false
8,21,3
21.864559417616785,0.7619047619047619,0.5625,0.7918064319617895
21.86402197100524,0.7619047619047619,0.6875,0.871745926609007
21.863541540763684,0.8333333333333335,0.9375,0.9952018915600919
21.86163336108621,0.738095238095238,0.9375,0.9938215650467783
21.862522254096888,0.8571428571428572,0.9375,0.9956715916898556
21.86406712287511,0.8333333333333335,0.9375,0.9952018915600919
21.862959676164778,0.7857142857142857,0.9375,0.9930039144213109
21.8671253171826,0.6904761904761905,0.9375,0.9927030663355523
*-*-*-*-*-*-*-*-*-*09/04/2016 10:18:13*-*-*-*-*-*-*-*-*-* - Num. Evolutions:3000*-*-*-*-*-*-*-*-*-*
TV LCD-3000-false
8,21,3
21.8643471920605,0.7619047619047619,0.5625,0.7903730455550821
21.86416879750447,0.8095238095238095,0.8125,0.9722600272735377
21.863541540763684,0.8333333333333335,0.9375,0.9952018915600919
21.86148486123968,0.738095238095238,0.9375,0.9938215650467783
21.86248849841821,0.8571428571428572,0.9375,0.9956715916898556
21.864002491526982,0.8333333333333335,0.9375,0.9952018915600919
21.86299176099788,0.7857142857142857,0.9375,0.9930039144213109
21.868103987878808,0.6666666666666667,0.9375,0.9924682162706703
*-*-*-*-*-*-*-*-*-*09/04/2016 10:20:19*-*-*-*-*-*-*-*-*-* - Num. Evolutions:3000*-*-*-*-*-*-*-*-*-*
TV LCD-3000-false
8,21,3
21.8643471920605,0.7619047619047619,0.5625,0.7903730455550821
21.86402197100524,0.7619047619047619,0.6875,0.871745926609007
21.863656695162607,0.8333333333333335,0.9375,0.9952018915600919
21.86155305019955,0.738095238095238,0.9375,0.9938215650467783
21.862522254096888,0.8571428571428572,0.9375,0.9956715916898556
21.86418600700954,0.8333333333333333,0.9375,0.9944130148106024
21.863133912963395,0.7857142857142857,0.9375,0.9930039144213109
21.86714070744085,0.6904761904761905,0.9375,0.9927030663355523
*-*-*-*-*-*-*-*-*-*09/04/2016 10:25:39*-*-*-*-*-*-*-*-*-* - Num. Evolutions:3000*-*-*-*-*-*-*-*-*-*
TV LCD-3000-false
8,21,3
21.86459093142432,0.738095238095238,0.5625,0.7473560897953888
21.86402197100524,0.7619047619047619,0.6875,0.871745926609007
21.86369451325762,0.7857142857142858,0.8541666666666666,0.9859082672066539
21.861655497458035,0.738095238095238,0.9375,0.9938215650467783
21.862528054803487,0.8571428571428572,0.9375,0.9956715916898556
21.86418600700954,0.8333333333333333,0.9375,0.9944130148106024
21.863133912963395,0.7857142857142857,0.9375,0.9930039144213109
21.867141191710108,0.6904761904761905,0.9375,0.9927030663355523
*-*-*-*-*-*-*-*-*-*09/04/2016 10:27:48*-*-*-*-*-*-*-*-*-* - Num. Evolutions:3000*-*-*-*-*-*-*-*-*-*
TV LCD-3000-false
8,21,3
21.8643471920605,0.7619047619047619,0.5625,0.7903730455550821
21.86416879750447,0.8095238095238095,0.8125,0.9722600272735377
21.86369451325762,0.7857142857142858,0.8541666666666666,0.9859082672066539
21.861608178345325,0.738095238095238,0.9375,0.9938215650467783
21.862528054803487,0.8571428571428572,0.9375,0.9956715916898556
21.864169215194075,0.8333333333333333,0.9375,0.9944130148106024
21.863308515634525,0.7619047619047619,0.9375,0.9923746259816842
21.86711808743315,0.6904761904761905,0.9375,0.9927030663355523
*-*-*-*-*-*-*-*-*-*09/04/2016 10:33:05*-*-*-*-*-*-*-*-*-* - Num. Evolutions:3000*-*-*-*-*-*-*-*-*-*
TV LCD-3000-false
8,21,3
21.86459093142432,0.738095238095238,0.5625,0.7473560897953888
21.86416879750447,0.8095238095238095,0.8125,0.9722600272735377
21.86369451325762,0.7857142857142858,0.8541666666666666,0.9859082672066539
21.861608178345325,0.738095238095238,0.9375,0.9938215650467783
21.86244854361137,0.7857142857142857,0.9375,0.993314026241212
21.86418600700954,0.8333333333333333,0.9375,0.9944130148106024
21.863308515634525,0.7619047619047619,0.9375,0.9923746259816842
21.867156767946607,0.6904761904761905,0.9375,0.9927030663355523
*-*-*-*-*-*-*-*-*-*09/04/2016 10:35:15*-*-*-*-*-*-*-*-*-* - Num. Evolutions:3000*-*-*-*-*-*-*-*-*-*
TV LCD-3000-false
8,21,3
21.8643471920605,0.7619047619047619,0.5625,0.7903730455550821
21.86412914019217,0.8095238095238095,0.8125,0.9722600272735377
21.86369451325762,0.7857142857142858,0.8541666666666666,0.9859082672066539
21.86155305019955,0.738095238095238,0.9375,0.9938215650467783
21.862528054803487,0.8571428571428572,0.9375,0.9956715916898556
21.864092482788248,0.8333333333333335,0.9375,0.9952018915600919
21.863308515634525,0.7619047619047619,0.9375,0.9923746259816842
21.867552528445316,0.6904761904761905,0.9375,0.9927030663355523
*-*-*-*-*-*-*-*-*-*09/04/2016 10:40:34*-*-*-*-*-*-*-*-*-* - Num. Evolutions:3000*-*-*-*-*-*-*-*-*-*
TV LCD-3000-false
8,21,3
21.86459093142432,0.738095238095238,0.5625,0.7473560897953888
21.86416879750447,0.8095238095238095,0.8125,0.9722600272735377
21.863541540763684,0.8333333333333335,0.9375,0.9952018915600919
21.861561455875904,0.738095238095238,0.9375,0.9938215650467783
21.862528054803487,0.8571428571428572,0.9375,0.9956715916898556
21.86406712287511,0.8333333333333335,0.9375,0.9952018915600919
21.863178626792983,0.7619047619047619,0.9375,0.9923746259816842
21.8671253171826,0.6904761904761905,0.9375,0.9927030663355523
*-*-*-*-*-*-*-*-*-*09/04/2016 10:42:44*-*-*-*-*-*-*-*-*-* - Num. Evolutions:3000*-*-*-*-*-*-*-*-*-*
TV LCD-3000-false
8,21,3
21.8643471920605,0.7619047619047619,0.5625,0.7903730455550821
21.86416879750447,0.8095238095238095,0.8125,0.9722600272735377
21.86360566609959,0.7857142857142858,0.8541666666666666,0.9859082672066539
21.861655497458035,0.738095238095238,0.9375,0.9938215650467783
21.862528054803487,0.8571428571428572,0.9375,0.9956715916898556
21.86406712287511,0.8333333333333335,0.9375,0.9952018915600919
21.863308515634525,0.7619047619047619,0.9375,0.9923746259816842
21.867122339657687,0.6904761904761905,0.9375,0.9927030663355523
*-*-*-*-*-*-*-*-*-*09/04/2016 10:48:22*-*-*-*-*-*-*-*-*-* - Num. Evolutions:4000*-*-*-*-*-*-*-*-*-*
TV LCD-4000-false
8,21,3
21.8643471920605,0.7619047619047619,0.5625,0.7903730455550821
21.86416879750447,0.8095238095238095,0.8125,0.9722600272735377
21.86360566609959,0.7857142857142858,0.8541666666666666,0.9859082672066539
21.861655497458035,0.738095238095238,0.9375,0.9938215650467783
21.862528054803487,0.8571428571428572,0.9375,0.9956715916898556
21.86418600700954,0.8333333333333333,0.9375,0.9944130148106024
21.863178626792983,0.7619047619047619,0.9375,0.9923746259816842
21.867061203122766,0.6428571428571428,0.9375,0.9911738848714049
*-*-*-*-*-*-*-*-*-*09/04/2016 10:50:42*-*-*-*-*-*-*-*-*-* - Num. Evolutions:4000*-*-*-*-*-*-*-*-*-*
TV LCD-4000-false
8,21,3
21.86459093142432,0.738095238095238,0.5625,0.7473560897953888
21.86416879750447,0.8095238095238095,0.8125,0.9722600272735377
21.86369451325762,0.7857142857142858,0.8541666666666666,0.9859082672066539
21.861658891566737,0.738095238095238,0.9375,0.9938215650467783
21.86248849841821,0.8571428571428572,0.9375,0.9956715916898556
21.86406712287511,0.8333333333333335,0.9375,0.9952018915600919
21.86299176099788,0.7857142857142857,0.9375,0.9930039144213109
21.867503883346032,0.6666666666666667,0.9375,0.9924682162706703
*-*-*-*-*-*-*-*-*-*09/04/2016 10:58:03*-*-*-*-*-*-*-*-*-* - Num. Evolutions:4000*-*-*-*-*-*-*-*-*-*
TV LCD-4000-false
8,21,3
21.86459093142432,0.738095238095238,0.5625,0.7473560897953888
21.86402197100524,0.7619047619047619,0.6875,0.871745926609007
21.863541540763684,0.8333333333333335,0.9375,0.9952018915600919
21.86163336108621,0.738095238095238,0.9375,0.9938215650467783
21.86248849841821,0.8571428571428572,0.9375,0.9956715916898556
21.86418600700954,0.8333333333333333,0.9375,0.9944130148106024
21.863133912963395,0.7857142857142857,0.9375,0.9930039144213109
21.8671253171826,0.6904761904761905,0.9375,0.9927030663355523
*-*-*-*-*-*-*-*-*-*09/04/2016 11:00:32*-*-*-*-*-*-*-*-*-* - Num. Evolutions:4000*-*-*-*-*-*-*-*-*-*
TV LCD-4000-false
8,21,3
21.86459093142432,0.738095238095238,0.5625,0.7473560897953888
21.86416879750447,0.8095238095238095,0.8125,0.9722600272735377
21.86369451325762,0.7857142857142858,0.8541666666666666,0.9859082672066539
21.86155305019955,0.738095238095238,0.9375,0.9938215650467783
21.862528054803487,0.8571428571428572,0.9375,0.9956715916898556
21.86406712287511,0.8333333333333335,0.9375,0.9952018915600919
21.863352571162764,0.7857142857142857,0.9375,0.993314026241212
21.867141191710108,0.6904761904761905,0.9375,0.9927030663355523
*-*-*-*-*-*-*-*-*-*09/04/2016 11:07:52*-*-*-*-*-*-*-*-*-* - Num. Evolutions:4000*-*-*-*-*-*-*-*-*-*
TV LCD-4000-false
8,21,3
21.8643471920605,0.7619047619047619,0.5625,0.7903730455550821
21.86402197100524,0.7619047619047619,0.6875,0.871745926609007
21.863541540763684,0.8333333333333335,0.9375,0.9952018915600919
21.86148486123968,0.738095238095238,0.9375,0.9938215650467783
21.862528054803487,0.8571428571428572,0.9375,0.9956715916898556
21.86406712287511,0.8333333333333335,0.9375,0.9952018915600919
21.863178626792983,0.7619047619047619,0.9375,0.9923746259816842
21.8671253171826,0.6904761904761905,0.9375,0.9927030663355523
*-*-*-*-*-*-*-*-*-*09/04/2016 11:10:19*-*-*-*-*-*-*-*-*-* - Num. Evolutions:4000*-*-*-*-*-*-*-*-*-*
TV LCD-4000-false
8,21,3
21.8643471920605,0.7619047619047619,0.5625,0.7903730455550821
21.86416879750447,0.8095238095238095,0.8125,0.9722600272735377
21.863541540763684,0.8333333333333335,0.9375,0.9952018915600919
21.86155305019955,0.738095238095238,0.9375,0.9938215650467783
21.862528054803487,0.8571428571428572,0.9375,0.9956715916898556
21.86418600700954,0.8333333333333333,0.9375,0.9944130148106024
21.86326908709038,0.7619047619047619,0.9375,0.9923746259816842
21.867122339657687,0.6904761904761905,0.9375,0.9927030663355523
*-*-*-*-*-*-*-*-*-*09/04/2016 11:17:45*-*-*-*-*-*-*-*-*-* - Num. Evolutions:4000*-*-*-*-*-*-*-*-*-*
TV LCD-4000-false
8,21,3
21.86459093142432,0.738095238095238,0.5625,0.7473560897953888
21.86402197100524,0.7619047619047619,0.6875,0.871745926609007
21.86360566609959,0.7857142857142858,0.8541666666666666,0.9859082672066539
21.861463428022848,0.738095238095238,0.9375,0.9938215650467783
21.862522254096888,0.8571428571428572,0.9375,0.9956715916898556
21.86406712287511,0.8333333333333335,0.9375,0.9952018915600919
21.863133912963395,0.7857142857142857,0.9375,0.9930039144213109
21.8671253171826,0.6904761904761905,0.9375,0.9927030663355523
*-*-*-*-*-*-*-*-*-*09/04/2016 11:20:09*-*-*-*-*-*-*-*-*-* - Num. Evolutions:4000*-*-*-*-*-*-*-*-*-*
TV LCD-4000-false
8,21,3
21.8643471920605,0.7619047619047619,0.5625,0.7903730455550821
21.86416879750447,0.8095238095238095,0.8125,0.9722600272735377
21.86369451325762,0.7857142857142858,0.8541666666666666,0.9859082672066539
21.861561455875904,0.738095238095238,0.9375,0.9938215650467783
21.862528054803487,0.8571428571428572,0.9375,0.9956715916898556
21.864092482788248,0.8333333333333335,0.9375,0.9952018915600919
21.863308515634525,0.7619047619047619,0.9375,0.9923746259816842
21.86724892232399,0.6904761904761905,0.9375,0.9927030663355523
*-*-*-*-*-*-*-*-*-*09/04/2016 11:27:38*-*-*-*-*-*-*-*-*-* - Num. Evolutions:4000*-*-*-*-*-*-*-*-*-*
TV LCD-4000-false
8,21,3
21.86459093142432,0.738095238095238,0.5625,0.7473560897953888
21.86402197100524,0.7619047619047619,0.6875,0.871745926609007
21.86369451325762,0.7857142857142858,0.8541666666666666,0.9859082672066539
21.861561455875904,0.738095238095238,0.9375,0.9938215650467783
21.86269186702545,0.8571428571428572,0.9375,0.9956715916898556
21.86396589809746,0.8333333333333335,0.9375,0.9952018915600919
21.863133912963395,0.7857142857142857,0.9375,0.9930039144213109
21.86724892232399,0.6904761904761905,0.9375,0.9927030663355523
*-*-*-*-*-*-*-*-*-*09/04/2016 11:30:00*-*-*-*-*-*-*-*-*-* - Num. Evolutions:4000*-*-*-*-*-*-*-*-*-*
TV LCD-4000-false
8,21,3
21.86459093142432,0.738095238095238,0.5625,0.7473560897953888
21.864205773361462,0.7619047619047619,0.8125,0.9714954365414643
21.86369451325762,0.7857142857142858,0.8541666666666666,0.9859082672066539
21.8617231447356,0.6904761904761906,0.9375,0.9927225764773879
21.862528054803487,0.8571428571428572,0.9375,0.9956715916898556
21.86406712287511,0.8333333333333335,0.9375,0.9952018915600919
21.863178626792983,0.7619047619047619,0.9375,0.9923746259816842
21.86713420172242,0.6904761904761905,0.9375,0.9927030663355523
*-*-*-*-*-*-*-*-*-*09/04/2016 11:37:46*-*-*-*-*-*-*-*-*-* - Num. Evolutions:5000*-*-*-*-*-*-*-*-*-*
TV LCD-5000-false
8,21,3
21.8643471920605,0.7619047619047619,0.5625,0.7903730455550821
21.86402197100524,0.7619047619047619,0.6875,0.871745926609007
21.863541540763684,0.8333333333333335,0.9375,0.9952018915600919
21.86163336108621,0.738095238095238,0.9375,0.9938215650467783
21.862522254096888,0.8571428571428572,0.9375,0.9956715916898556
21.86406712287511,0.8333333333333335,0.9375,0.9952018915600919
21.863308515634525,0.7619047619047619,0.9375,0.9923746259816842
21.86722991261368,0.6904761904761905,0.9375,0.9927030663355523
*-*-*-*-*-*-*-*-*-*09/04/2016 11:40:43*-*-*-*-*-*-*-*-*-* - Num. Evolutions:5000*-*-*-*-*-*-*-*-*-*
TV LCD-5000-false
8,21,3
21.8643471920605,0.7619047619047619,0.5625,0.7903730455550821
21.86402197100524,0.7619047619047619,0.6875,0.871745926609007
21.86369451325762,0.7857142857142858,0.8541666666666666,0.9859082672066539
21.86163336108621,0.738095238095238,0.9375,0.9938215650467783
21.86248849841821,0.8571428571428572,0.9375,0.9956715916898556
21.863985101915162,0.8333333333333335,0.9375,0.9952018915600919
21.863308515634525,0.7619047619047619,0.9375,0.9923746259816842
21.867146283118974,0.6904761904761905,0.9375,0.9927030663355523
*-*-*-*-*-*-*-*-*-*09/04/2016 11:49:32*-*-*-*-*-*-*-*-*-* - Num. Evolutions:5000*-*-*-*-*-*-*-*-*-*
TV LCD-5000-false
8,21,3
21.8643471920605,0.7619047619047619,0.5625,0.7903730455550821
21.86416879750447,0.8095238095238095,0.8125,0.9722600272735377
21.863541540763684,0.8333333333333335,0.9375,0.9952018915600919
21.861586981048536,0.738095238095238,0.9375,0.9938215650467783
21.862528054803487,0.8571428571428572,0.9375,0.9956715916898556
21.86418600700954,0.8333333333333333,0.9375,0.9944130148106024
21.863133912963395,0.7857142857142857,0.9375,0.9930039144213109
21.867122339657687,0.6904761904761905,0.9375,0.9927030663355523
*-*-*-*-*-*-*-*-*-*09/04/2016 11:52:57*-*-*-*-*-*-*-*-*-* - Num. Evolutions:5000*-*-*-*-*-*-*-*-*-*
TV LCD-5000-false
8,21,3
21.86459093142432,0.738095238095238,0.5625,0.7473560897953888
21.86416879750447,0.8095238095238095,0.8125,0.9722600272735377
21.86369451325762,0.7857142857142858,0.8541666666666666,0.9859082672066539
21.861451308369055,0.738095238095238,0.9375,0.9938215650467783
21.862528054803487,0.8571428571428572,0.9375,0.9956715916898556
21.86406712287511,0.8333333333333335,0.9375,0.9952018915600919
21.863133912963395,0.7857142857142857,0.9375,0.9930039144213109
21.867146283118974,0.6904761904761905,0.9375,0.9927030663355523
*-*-*-*-*-*-*-*-*-*10/04/2016 12:02:01*-*-*-*-*-*-*-*-*-* - Num. Evolutions:5000*-*-*-*-*-*-*-*-*-*
TV LCD-5000-false
8,21,3
21.86459093142432,0.738095238095238,0.5625,0.7473560897953888
21.86416879750447,0.8095238095238095,0.8125,0.9722600272735377
21.86369451325762,0.7857142857142858,0.8541666666666666,0.9859082672066539
21.861463428022848,0.738095238095238,0.9375,0.9938215650467783
21.862528054803487,0.8571428571428572,0.9375,0.9956715916898556
21.86406712287511,0.8333333333333335,0.9375,0.9952018915600919
21.86326908709038,0.7619047619047619,0.9375,0.9923746259816842
21.867152245805674,0.6904761904761905,0.9375,0.9927030663355523
*-*-*-*-*-*-*-*-*-*10/04/2016 12:05:31*-*-*-*-*-*-*-*-*-* - Num. Evolutions:5000*-*-*-*-*-*-*-*-*-*
TV LCD-5000-false
8,21,3
21.86459093142432,0.738095238095238,0.5625,0.7473560897953888
21.86402197100524,0.7619047619047619,0.6875,0.871745926609007
21.86369451325762,0.7857142857142858,0.8541666666666666,0.9859082672066539
21.861443791181337,0.738095238095238,0.9375,0.9938215650467783
21.862522254096888,0.8571428571428572,0.9375,0.9956715916898556
21.86418600700954,0.8333333333333333,0.9375,0.9944130148106024
21.863178626792983,0.7619047619047619,0.9375,0.9923746259816842
21.867226232637343,0.6904761904761905,0.9375,0.9927030663355523
*-*-*-*-*-*-*-*-*-*10/04/2016 12:14:32*-*-*-*-*-*-*-*-*-* - Num. Evolutions:5000*-*-*-*-*-*-*-*-*-*
TV LCD-5000-false
8,21,3
21.86459093142432,0.738095238095238,0.5625,0.7473560897953888
21.86415200199541,0.8095238095238095,0.8125,0.9722600272735377
21.86371978635459,0.7857142857142858,0.8541666666666666,0.9859082672066539
21.86163058188332,0.738095238095238,0.9375,0.9938215650467783
21.862528054803487,0.8571428571428572,0.9375,0.9956715916898556
21.864037071627333,0.8571428571428572,0.9375,0.9956715916898556
21.863133912963395,0.7857142857142857,0.9375,0.9930039144213109
21.867122339657687,0.6904761904761905,0.9375,0.9927030663355523
*-*-*-*-*-*-*-*-*-*10/04/2016 12:17:57*-*-*-*-*-*-*-*-*-* - Num. Evolutions:5000*-*-*-*-*-*-*-*-*-*
TV LCD-5000-false
8,21,3
21.86459093142432,0.738095238095238,0.5625,0.7473560897953888
21.86402197100524,0.7619047619047619,0.6875,0.871745926609007
21.86369451325762,0.7857142857142858,0.8541666666666666,0.9859082672066539
21.86155305019955,0.738095238095238,0.9375,0.9938215650467783
21.862522254096888,0.8571428571428572,0.9375,0.9956715916898556
21.86418600700954,0.8333333333333333,0.9375,0.9944130148106024
21.86326908709038,0.7619047619047619,0.9375,0.9923746259816842
21.8671253171826,0.6904761904761905,0.9375,0.9927030663355523
*-*-*-*-*-*-*-*-*-*10/04/2016 12:27:05*-*-*-*-*-*-*-*-*-* - Num. Evolutions:5000*-*-*-*-*-*-*-*-*-*
TV LCD-5000-false
8,21,3
21.86459093142432,0.738095238095238,0.5625,0.7473560897953888
21.86416879750447,0.8095238095238095,0.8125,0.9722600272735377
21.86360566609959,0.7857142857142858,0.8541666666666666,0.9859082672066539
21.86163336108621,0.738095238095238,0.9375,0.9938215650467783
21.86248849841821,0.8571428571428572,0.9375,0.9956715916898556
21.864037071627333,0.8571428571428572,0.9375,0.9956715916898556
21.863133912963395,0.7857142857142857,0.9375,0.9930039144213109
21.867135089219612,0.6904761904761905,0.9375,0.9927030663355523
*-*-*-*-*-*-*-*-*-*10/04/2016 12:30:36*-*-*-*-*-*-*-*-*-* - Num. Evolutions:5000*-*-*-*-*-*-*-*-*-*
TV LCD-5000-false
8,21,3
21.86459093142432,0.738095238095238,0.5625,0.7473560897953888
21.86416879750447,0.8095238095238095,0.8125,0.9722600272735377
21.863541540763684,0.8333333333333335,0.9375,0.9952018915600919
21.861451308369055,0.738095238095238,0.9375,0.9938215650467783
21.862528054803487,0.8571428571428572,0.9375,0.9956715916898556
21.86418600700954,0.8333333333333333,0.9375,0.9944130148106024
21.863117238917088,0.7857142857142857,0.9375,0.9930039144213109
21.867125655144758,0.6904761904761905,0.9375,0.9927030663355523
*-*-*-*-*-*-*-*-*-*10/04/2016 12:40:11*-*-*-*-*-*-*-*-*-* - Num. Evolutions:6000*-*-*-*-*-*-*-*-*-*
TV LCD-6000-false
8,21,3
21.86459093142432,0.738095238095238,0.5625,0.7473560897953888
21.86416879750447,0.8095238095238095,0.8125,0.9722600272735377
21.86360566609959,0.7857142857142858,0.8541666666666666,0.9859082672066539
21.86147256829083,0.738095238095238,0.9375,0.9938215650467783
21.862522254096888,0.8571428571428572,0.9375,0.9956715916898556
21.86406712287511,0.8333333333333335,0.9375,0.9952018915600919
21.863308515634525,0.7619047619047619,0.9375,0.9923746259816842
21.867122339657687,0.6904761904761905,0.9375,0.9927030663355523
*-*-*-*-*-*-*-*-*-*10/04/2016 12:43:49*-*-*-*-*-*-*-*-*-* - Num. Evolutions:6000*-*-*-*-*-*-*-*-*-*
TV LCD-6000-false
8,21,3
21.8643471920605,0.7619047619047619,0.5625,0.7903730455550821
21.86412914019217,0.8095238095238095,0.8125,0.9722600272735377
21.86369451325762,0.7857142857142858,0.8541666666666666,0.9859082672066539
21.861451308369055,0.738095238095238,0.9375,0.9938215650467783
21.862528054803487,0.8571428571428572,0.9375,0.9956715916898556
21.86406712287511,0.8333333333333335,0.9375,0.9952018915600919
21.863094507466805,0.7857142857142857,0.9375,0.9930039144213109
21.86713420172242,0.6904761904761905,0.9375,0.9927030663355523
*-*-*-*-*-*-*-*-*-*10/04/2016 12:54:55*-*-*-*-*-*-*-*-*-* - Num. Evolutions:6000*-*-*-*-*-*-*-*-*-*
TV LCD-6000-false
8,21,3
21.86459093142432,0.738095238095238,0.5625,0.7473560897953888
21.86416879750447,0.8095238095238095,0.8125,0.9722600272735377
21.86369451325762,0.7857142857142858,0.8541666666666666,0.9859082672066539
21.861729463167784,0.6904761904761906,0.9375,0.9927225764773879
21.862528054803487,0.8571428571428572,0.9375,0.9956715916898556
21.86418600700954,0.8333333333333333,0.9375,0.9944130148106024
21.863133912963395,0.7857142857142857,0.9375,0.9930039144213109
21.867135089219612,0.6904761904761905,0.9375,0.9927030663355523
*-*-*-*-*-*-*-*-*-*10/04/2016 12:58:52*-*-*-*-*-*-*-*-*-* - Num. Evolutions:6000*-*-*-*-*-*-*-*-*-*
TV LCD-6000-false
8,21,3
21.86459093142432,0.738095238095238,0.5625,0.7473560897953888
21.86402197100524,0.7619047619047619,0.6875,0.871745926609007
21.86369451325762,0.7857142857142858,0.8541666666666666,0.9859082672066539
21.86148486123968,0.738095238095238,0.9375,0.9938215650467783
21.862522254096888,0.8571428571428572,0.9375,0.9956715916898556
21.86406712287511,0.8333333333333335,0.9375,0.9952018915600919
21.863133912963395,0.7857142857142857,0.9375,0.9930039144213109
21.8671253171826,0.6904761904761905,0.9375,0.9927030663355523
*-*-*-*-*-*-*-*-*-*10/04/2016 01:10:06*-*-*-*-*-*-*-*-*-* - Num. Evolutions:6000*-*-*-*-*-*-*-*-*-*
TV LCD-6000-false
8,21,3
21.86459093142432,0.738095238095238,0.5625,0.7473560897953888
21.86416879750447,0.8095238095238095,0.8125,0.9722600272735377
21.86369451325762,0.7857142857142858,0.8541666666666666,0.9859082672066539
21.86155305019955,0.738095238095238,0.9375,0.9938215650467783
21.862528054803487,0.8571428571428572,0.9375,0.9956715916898556
21.864037071627333,0.8571428571428572,0.9375,0.9956715916898556
21.863133912963395,0.7857142857142857,0.9375,0.9930039144213109
21.867135089219612,0.6904761904761905,0.9375,0.9927030663355523
*-*-*-*-*-*-*-*-*-*10/04/2016 01:14:07*-*-*-*-*-*-*-*-*-* - Num. Evolutions:6000*-*-*-*-*-*-*-*-*-*
TV LCD-6000-false
8,21,3
21.86459093142432,0.738095238095238,0.5625,0.7473560897953888
21.86416879750447,0.8095238095238095,0.8125,0.9722600272735377
21.86369451325762,0.7857142857142858,0.8541666666666666,0.9859082672066539
21.86144760918205,0.738095238095238,0.9375,0.9938215650467783
21.862528054803487,0.8571428571428572,0.9375,0.9956715916898556
21.86406712287511,0.8333333333333335,0.9375,0.9952018915600919
21.863133912963395,0.7857142857142857,0.9375,0.9930039144213109
21.86714070744085,0.6904761904761905,0.9375,0.9927030663355523
*-*-*-*-*-*-*-*-*-*10/04/2016 01:25:06*-*-*-*-*-*-*-*-*-* - Num. Evolutions:6000*-*-*-*-*-*-*-*-*-*
TV LCD-6000-false
8,21,3
21.86459093142432,0.738095238095238,0.5625,0.7473560897953888
21.86416879750447,0.8095238095238095,0.8125,0.9722600272735377
21.863541540763684,0.8333333333333335,0.9375,0.9952018915600919
21.861608178345325,0.738095238095238,0.9375,0.9938215650467783
21.862528054803487,0.8571428571428572,0.9375,0.9956715916898556
21.86418600700954,0.8333333333333333,0.9375,0.9944130148106024
21.863133912963395,0.7857142857142857,0.9375,0.9930039144213109
21.867141307764918,0.6904761904761905,0.9375,0.9927030663355523
*-*-*-*-*-*-*-*-*-*10/04/2016 01:29:07*-*-*-*-*-*-*-*-*-* - Num. Evolutions:6000*-*-*-*-*-*-*-*-*-*
TV LCD-6000-false
8,21,3
21.86459093142432,0.738095238095238,0.5625,0.7473560897953888
21.86416879750447,0.8095238095238095,0.8125,0.9722600272735377
21.86360566609959,0.7857142857142858,0.8541666666666666,0.9859082672066539
21.86163336108621,0.738095238095238,0.9375,0.9938215650467783
21.862522254096888,0.8571428571428572,0.9375,0.9956715916898556
21.86406712287511,0.8333333333333335,0.9375,0.9952018915600919
21.863178626792983,0.7619047619047619,0.9375,0.9923746259816842
21.86713420172242,0.6904761904761905,0.9375,0.9927030663355523
*-*-*-*-*-*-*-*-*-*10/04/2016 01:40:04*-*-*-*-*-*-*-*-*-* - Num. Evolutions:6000*-*-*-*-*-*-*-*-*-*
TV LCD-6000-false
8,21,3
21.86459093142432,0.738095238095238,0.5625,0.7473560897953888
21.864205773361462,0.7619047619047619,0.8125,0.9714954365414643
21.86371978635459,0.7857142857142858,0.8541666666666666,0.9859082672066539
21.86163336108621,0.738095238095238,0.9375,0.9938215650467783
21.862528054803487,0.8571428571428572,0.9375,0.9956715916898556
21.86418600700954,0.8333333333333333,0.9375,0.9944130148106024
21.86311076163667,0.7619047619047619,0.9375,0.9923746259816842
21.86713420172242,0.6904761904761905,0.9375,0.9927030663355523
*-*-*-*-*-*-*-*-*-*10/04/2016 01:44:09*-*-*-*-*-*-*-*-*-* - Num. Evolutions:6000*-*-*-*-*-*-*-*-*-*
TV LCD-6000-false
8,21,3
21.8643471920605,0.7619047619047619,0.5625,0.7903730455550821
21.86412914019217,0.8095238095238095,0.8125,0.9722600272735377
21.86369451325762,0.7857142857142858,0.8541666666666666,0.9859082672066539
21.861561455875904,0.738095238095238,0.9375,0.9938215650467783
21.862528054803487,0.8571428571428572,0.9375,0.9956715916898556
21.86418600700954,0.8333333333333333,0.9375,0.9944130148106024
21.863133912963395,0.7857142857142857,0.9375,0.9930039144213109
21.86714070744085,0.6904761904761905,0.9375,0.9927030663355523
*-*-*-*-*-*-*-*-*-*10/04/2016 01:55:16*-*-*-*-*-*-*-*-*-* - Num. Evolutions:7000*-*-*-*-*-*-*-*-*-*
TV LCD-7000-false
8,21,3
21.86480718872476,0.7142857142857143,0.5625,0.7896084548230086
21.86402197100524,0.7619047619047619,0.6875,0.871745926609007
21.86369451325762,0.7857142857142858,0.8541666666666666,0.9859082672066539
21.86147256829083,0.738095238095238,0.9375,0.9938215650467783
21.862528054803487,0.8571428571428572,0.9375,0.9956715916898556
21.86406712287511,0.8333333333333335,0.9375,0.9952018915600919
21.863178626792983,0.7619047619047619,0.9375,0.9923746259816842
21.86724892232399,0.6904761904761905,0.9375,0.9927030663355523
*-*-*-*-*-*-*-*-*-*10/04/2016 01:59:26*-*-*-*-*-*-*-*-*-* - Num. Evolutions:7000*-*-*-*-*-*-*-*-*-*
TV LCD-7000-false
8,21,3
21.86459093142432,0.738095238095238,0.5625,0.7473560897953888
21.86416879750447,0.8095238095238095,0.8125,0.9722600272735377
21.86369451325762,0.7857142857142858,0.8541666666666666,0.9859082672066539
21.861525394237972,0.738095238095238,0.9375,0.9938215650467783
21.862528054803487,0.8571428571428572,0.9375,0.9956715916898556
21.864037071627333,0.8571428571428572,0.9375,0.9956715916898556
21.863308515634525,0.7619047619047619,0.9375,0.9923746259816842
21.86740459317682,0.6666666666666667,0.9375,0.9924682162706703
*-*-*-*-*-*-*-*-*-*10/04/2016 02:12:36*-*-*-*-*-*-*-*-*-* - Num. Evolutions:7000*-*-*-*-*-*-*-*-*-*
TV LCD-7000-false
8,21,3
21.86459093142432,0.738095238095238,0.5625,0.7473560897953888
21.86402197100524,0.7619047619047619,0.6875,0.871745926609007
21.86369451325762,0.7857142857142858,0.8541666666666666,0.9859082672066539
21.86147256829083,0.738095238095238,0.9375,0.9938215650467783
21.862522254096888,0.8571428571428572,0.9375,0.9956715916898556
21.86418600700954,0.8333333333333333,0.9375,0.9944130148106024
21.863308515634525,0.7619047619047619,0.9375,0.9923746259816842
21.867135089219612,0.6904761904761905,0.9375,0.9927030663355523
*-*-*-*-*-*-*-*-*-*10/04/2016 02:16:48*-*-*-*-*-*-*-*-*-* - Num. Evolutions:7000*-*-*-*-*-*-*-*-*-*
TV LCD-7000-false
8,21,3
21.86459093142432,0.738095238095238,0.5625,0.7473560897953888
21.86402197100524,0.7619047619047619,0.6875,0.871745926609007
21.86369451325762,0.7857142857142858,0.8541666666666666,0.9859082672066539
21.86155305019955,0.738095238095238,0.9375,0.9938215650467783
21.862528054803487,0.8571428571428572,0.9375,0.9956715916898556
21.86406712287511,0.8333333333333335,0.9375,0.9952018915600919
21.863133912963395,0.7857142857142857,0.9375,0.9930039144213109
21.86713164706922,0.6904761904761905,0.9375,0.9927030663355523
*-*-*-*-*-*-*-*-*-*10/04/2016 02:30:01*-*-*-*-*-*-*-*-*-* - Num. Evolutions:7000*-*-*-*-*-*-*-*-*-*
TV LCD-7000-false
8,21,3
21.86459093142432,0.738095238095238,0.5625,0.7473560897953888
21.86402197100524,0.7619047619047619,0.6875,0.871745926609007
21.86360566609959,0.7857142857142858,0.8541666666666666,0.9859082672066539
21.86155305019955,0.738095238095238,0.9375,0.9938215650467783
21.86248849841821,0.8571428571428572,0.9375,0.9956715916898556
21.86418600700954,0.8333333333333333,0.9375,0.9944130148106024
21.863178626792983,0.7619047619047619,0.9375,0.9923746259816842
21.867141191710108,0.6904761904761905,0.9375,0.9927030663355523
*-*-*-*-*-*-*-*-*-*10/04/2016 02:34:11*-*-*-*-*-*-*-*-*-* - Num. Evolutions:7000*-*-*-*-*-*-*-*-*-*
TV LCD-7000-false
8,21,3
21.86459093142432,0.738095238095238,0.5625,0.7473560897953888
21.86416879750447,0.8095238095238095,0.8125,0.9722600272735377
21.86369451325762,0.7857142857142858,0.8541666666666666,0.9859082672066539
21.86148486123968,0.738095238095238,0.9375,0.9938215650467783
21.862528054803487,0.8571428571428572,0.9375,0.9956715916898556
21.86418600700954,0.8333333333333333,0.9375,0.9944130148106024
21.863308515634525,0.7619047619047619,0.9375,0.9923746259816842
21.86740459317682,0.6666666666666667,0.9375,0.9924682162706703
*-*-*-*-*-*-*-*-*-*10/04/2016 02:47:14*-*-*-*-*-*-*-*-*-* - Num. Evolutions:7000*-*-*-*-*-*-*-*-*-*
TV LCD-7000-false
8,21,3
21.86459093142432,0.738095238095238,0.5625,0.7473560897953888
21.864263068088693,0.7619047619047619,0.8125,0.9714954365414643
21.86369451325762,0.7857142857142858,0.8541666666666666,0.9859082672066539
21.861525394237972,0.738095238095238,0.9375,0.9938215650467783
21.862522254096888,0.8571428571428572,0.9375,0.9956715916898556
21.86406712287511,0.8333333333333335,0.9375,0.9952018915600919
21.863178626792983,0.7619047619047619,0.9375,0.9923746259816842
21.867146283118974,0.6904761904761905,0.9375,0.9927030663355523
*-*-*-*-*-*-*-*-*-*10/04/2016 02:51:32*-*-*-*-*-*-*-*-*-* - Num. Evolutions:7000*-*-*-*-*-*-*-*-*-*
TV LCD-7000-false
8,21,3
21.8643471920605,0.7619047619047619,0.5625,0.7903730455550821
21.86412914019217,0.8095238095238095,0.8125,0.9722600272735377
21.86369451325762,0.7857142857142858,0.8541666666666666,0.9859082672066539
21.86147256829083,0.738095238095238,0.9375,0.9938215650467783
21.862522254096888,0.8571428571428572,0.9375,0.9956715916898556
21.86406712287511,0.8333333333333335,0.9375,0.9952018915600919
21.863308515634525,0.7619047619047619,0.9375,0.9923746259816842
21.86713164706922,0.6904761904761905,0.9375,0.9927030663355523
*-*-*-*-*-*-*-*-*-*10/04/2016 03:04:33*-*-*-*-*-*-*-*-*-* - Num. Evolutions:7000*-*-*-*-*-*-*-*-*-*
TV LCD-7000-false
8,21,3
21.864559417616785,0.7619047619047619,0.5625,0.7918064319617895
21.86416879750447,0.8095238095238095,0.8125,0.9722600272735377
21.86369451325762,0.7857142857142858,0.8541666666666666,0.9859082672066539
21.861463428022848,0.738095238095238,0.9375,0.9938215650467783
21.862522254096888,0.8571428571428572,0.9375,0.9956715916898556
21.864002491526982,0.8333333333333335,0.9375,0.9952018915600919
21.863133912963395,0.7857142857142857,0.9375,0.9930039144213109
21.867146283118974,0.6904761904761905,0.9375,0.9927030663355523
*-*-*-*-*-*-*-*-*-*10/04/2016 03:08:54*-*-*-*-*-*-*-*-*-* - Num. Evolutions:7000*-*-*-*-*-*-*-*-*-*
TV LCD-7000-false
8,21,3
21.86459093142432,0.738095238095238,0.5625,0.7473560897953888
21.86416879750447,0.8095238095238095,0.8125,0.9722600272735377
21.86369451325762,0.7857142857142858,0.8541666666666666,0.9859082672066539
21.86154499639264,0.738095238095238,0.9375,0.9938215650467783
21.862528054803487,0.8571428571428572,0.9375,0.9956715916898556
21.86418600700954,0.8333333333333333,0.9375,0.9944130148106024
21.863308515634525,0.7619047619047619,0.9375,0.9923746259816842
21.867122339657687,0.6904761904761905,0.9375,0.9927030663355523
*-*-*-*-*-*-*-*-*-*10/04/2016 03:22:12*-*-*-*-*-*-*-*-*-* - Num. Evolutions:8000*-*-*-*-*-*-*-*-*-*
TV LCD-8000-false
8,21,3
21.86459093142432,0.738095238095238,0.5625,0.7473560897953888
21.864263068088693,0.7619047619047619,0.8125,0.9714954365414643
21.86369451325762,0.7857142857142858,0.8541666666666666,0.9859082672066539
21.861443791181337,0.738095238095238,0.9375,0.9938215650467783
21.862528054803487,0.8571428571428572,0.9375,0.9956715916898556
21.86418600700954,0.8333333333333333,0.9375,0.9944130148106024
21.863178626792983,0.7619047619047619,0.9375,0.9923746259816842
21.86714070744085,0.6904761904761905,0.9375,0.9927030663355523
*-*-*-*-*-*-*-*-*-*10/04/2016 03:26:57*-*-*-*-*-*-*-*-*-* - Num. Evolutions:8000*-*-*-*-*-*-*-*-*-*
TV LCD-8000-false
8,21,3
21.86459093142432,0.738095238095238,0.5625,0.7473560897953888
21.86416879750447,0.8095238095238095,0.8125,0.9722600272735377
21.86369451325762,0.7857142857142858,0.8541666666666666,0.9859082672066539
21.861451308369055,0.738095238095238,0.9375,0.9938215650467783
21.862528054803487,0.8571428571428572,0.9375,0.9956715916898556
21.86418600700954,0.8333333333333333,0.9375,0.9944130148106024
21.863308515634525,0.7619047619047619,0.9375,0.9923746259816842
21.867140105412076,0.6904761904761905,0.9375,0.9927030663355523
*-*-*-*-*-*-*-*-*-*10/04/2016 03:41:39*-*-*-*-*-*-*-*-*-* - Num. Evolutions:8000*-*-*-*-*-*-*-*-*-*
TV LCD-8000-false
8,21,3
21.86459093142432,0.738095238095238,0.5625,0.7473560897953888
21.86416879750447,0.8095238095238095,0.8125,0.9722600272735377
21.86360566609959,0.7857142857142858,0.8541666666666666,0.9859082672066539
21.86147256829083,0.738095238095238,0.9375,0.9938215650467783
21.862528054803487,0.8571428571428572,0.9375,0.9956715916898556
21.864169215194075,0.8333333333333333,0.9375,0.9944130148106024
21.863178626792983,0.7619047619047619,0.9375,0.9923746259816842
21.867135089219612,0.6904761904761905,0.9375,0.9927030663355523
*-*-*-*-*-*-*-*-*-*10/04/2016 03:46:39*-*-*-*-*-*-*-*-*-* - Num. Evolutions:8000*-*-*-*-*-*-*-*-*-*
TV LCD-8000-false
8,21,3
21.8643471920605,0.7619047619047619,0.5625,0.7903730455550821
21.86416879750447,0.8095238095238095,0.8125,0.9722600272735377
21.86369451325762,0.7857142857142858,0.8541666666666666,0.9859082672066539
21.861608178345325,0.738095238095238,0.9375,0.9938215650467783
21.862528054803487,0.8571428571428572,0.9375,0.9956715916898556
21.86418600700954,0.8333333333333333,0.9375,0.9944130148106024
21.863178626792983,0.7619047619047619,0.9375,0.9923746259816842
21.86741728270192,0.6666666666666667,0.9375,0.9924682162706703
*-*-*-*-*-*-*-*-*-*10/04/2016 04:01:19*-*-*-*-*-*-*-*-*-* - Num. Evolutions:8000*-*-*-*-*-*-*-*-*-*
TV LCD-8000-false
8,21,3
21.86459093142432,0.738095238095238,0.5625,0.7473560897953888
21.86416879750447,0.8095238095238095,0.8125,0.9722600272735377
21.86360566609959,0.7857142857142858,0.8541666666666666,0.9859082672066539
21.86163336108621,0.738095238095238,0.9375,0.9938215650467783
21.86248849841821,0.8571428571428572,0.9375,0.9956715916898556
21.863985101915162,0.8333333333333335,0.9375,0.9952018915600919
21.86311076163667,0.7619047619047619,0.9375,0.9923746259816842
21.867135089219612,0.6904761904761905,0.9375,0.9927030663355523
*-*-*-*-*-*-*-*-*-*10/04/2016 04:06:19*-*-*-*-*-*-*-*-*-* - Num. Evolutions:8000*-*-*-*-*-*-*-*-*-*
TV LCD-8000-false
8,21,3
21.86459093142432,0.738095238095238,0.5625,0.7473560897953888
21.86402197100524,0.7619047619047619,0.6875,0.871745926609007
21.86369451325762,0.7857142857142858,0.8541666666666666,0.9859082672066539
21.861655497458035,0.738095238095238,0.9375,0.9938215650467783
21.862522254096888,0.8571428571428572,0.9375,0.9956715916898556
21.86406712287511,0.8333333333333335,0.9375,0.9952018915600919
21.863133912963395,0.7857142857142857,0.9375,0.9930039144213109
21.867141307764918,0.6904761904761905,0.9375,0.9927030663355523
*-*-*-*-*-*-*-*-*-*10/04/2016 04:21:09*-*-*-*-*-*-*-*-*-* - Num. Evolutions:8000*-*-*-*-*-*-*-*-*-*
TV LCD-8000-false
8,21,3
21.86459093142432,0.738095238095238,0.5625,0.7473560897953888
21.86402197100524,0.7619047619047619,0.6875,0.871745926609007
21.863541540763684,0.8333333333333335,0.9375,0.9952018915600919
21.86148486123968,0.738095238095238,0.9375,0.9938215650467783
21.862522254096888,0.8571428571428572,0.9375,0.9956715916898556
21.86418600700954,0.8333333333333333,0.9375,0.9944130148106024
21.86326908709038,0.7619047619047619,0.9375,0.9923746259816842
21.86713420172242,0.6904761904761905,0.9375,0.9927030663355523
*-*-*-*-*-*-*-*-*-*10/04/2016 04:25:58*-*-*-*-*-*-*-*-*-* - Num. Evolutions:8000*-*-*-*-*-*-*-*-*-*
TV LCD-8000-false
8,21,3
21.8643471920605,0.7619047619047619,0.5625,0.7903730455550821
21.86412914019217,0.8095238095238095,0.8125,0.9722600272735377
21.86369451325762,0.7857142857142858,0.8541666666666666,0.9859082672066539
21.86147256829083,0.738095238095238,0.9375,0.9938215650467783
21.862528054803487,0.8571428571428572,0.9375,0.9956715916898556
21.86418600700954,0.8333333333333333,0.9375,0.9944130148106024
21.863133912963395,0.7857142857142857,0.9375,0.9930039144213109
21.8671253171826,0.6904761904761905,0.9375,0.9927030663355523
*-*-*-*-*-*-*-*-*-*10/04/2016 04:40:54*-*-*-*-*-*-*-*-*-* - Num. Evolutions:8000*-*-*-*-*-*-*-*-*-*
TV LCD-8000-false
8,21,3
21.86459093142432,0.738095238095238,0.5625,0.7473560897953888
21.86402197100524,0.7619047619047619,0.6875,0.871745926609007
21.86369451325762,0.7857142857142858,0.8541666666666666,0.9859082672066539
21.861608178345325,0.738095238095238,0.9375,0.9938215650467783
21.862522254096888,0.8571428571428572,0.9375,0.9956715916898556
21.86418600700954,0.8333333333333333,0.9375,0.9944130148106024
21.863133912963395,0.7857142857142857,0.9375,0.9930039144213109
21.86751421004776,0.6666666666666667,0.9375,0.9924682162706703
*-*-*-*-*-*-*-*-*-*10/04/2016 04:45:38*-*-*-*-*-*-*-*-*-* - Num. Evolutions:8000*-*-*-*-*-*-*-*-*-*
TV LCD-8000-false
8,21,3
21.86459093142432,0.738095238095238,0.5625,0.7473560897953888
21.86416879750447,0.8095238095238095,0.8125,0.9722600272735377
21.86360566609959,0.7857142857142858,0.8541666666666666,0.9859082672066539
21.86154499639264,0.738095238095238,0.9375,0.9938215650467783
21.86248849841821,0.8571428571428572,0.9375,0.9956715916898556
21.86418600700954,0.8333333333333333,0.9375,0.9944130148106024
21.863133912963395,0.7857142857142857,0.9375,0.9930039144213109
21.867141191710108,0.6904761904761905,0.9375,0.9927030663355523
*-*-*-*-*-*-*-*-*-*10/04/2016 05:00:52*-*-*-*-*-*-*-*-*-* - Num. Evolutions:9000*-*-*-*-*-*-*-*-*-*
TV LCD-9000-false
8,21,3
21.86459093142432,0.738095238095238,0.5625,0.7473560897953888
21.86412914019217,0.8095238095238095,0.8125,0.9722600272735377
21.86369451325762,0.7857142857142858,0.8541666666666666,0.9859082672066539
21.86147256829083,0.738095238095238,0.9375,0.9938215650467783
21.86248849841821,0.8571428571428572,0.9375,0.9956715916898556
21.86418600700954,0.8333333333333333,0.9375,0.9944130148106024
21.863133912963395,0.7857142857142857,0.9375,0.9930039144213109
21.86711808743315,0.6904761904761905,0.9375,0.9927030663355523
*-*-*-*-*-*-*-*-*-*10/04/2016 05:06:10*-*-*-*-*-*-*-*-*-* - Num. Evolutions:9000*-*-*-*-*-*-*-*-*-*
TV LCD-9000-false
8,21,3
21.8643471920605,0.7619047619047619,0.5625,0.7903730455550821
21.86416879750447,0.8095238095238095,0.8125,0.9722600272735377
21.86369451325762,0.7857142857142858,0.8541666666666666,0.9859082672066539
21.86155305019955,0.738095238095238,0.9375,0.9938215650467783
21.8625264370774,0.8571428571428572,0.9375,0.9956715916898556
21.86406712287511,0.8333333333333335,0.9375,0.9952018915600919
21.863133912963395,0.7857142857142857,0.9375,0.9930039144213109
21.86714070744085,0.6904761904761905,0.9375,0.9927030663355523
*-*-*-*-*-*-*-*-*-*10/04/2016 05:22:31*-*-*-*-*-*-*-*-*-* - Num. Evolutions:9000*-*-*-*-*-*-*-*-*-*
TV LCD-9000-false
8,21,3
21.8643471920605,0.7619047619047619,0.5625,0.7903730455550821
21.86416879750447,0.8095238095238095,0.8125,0.9722600272735377
21.86369451325762,0.7857142857142858,0.8541666666666666,0.9859082672066539
21.86144760918205,0.738095238095238,0.9375,0.9938215650467783
21.862522254096888,0.8571428571428572,0.9375,0.9956715916898556
21.86406712287511,0.8333333333333335,0.9375,0.9952018915600919
21.863308515634525,0.7619047619047619,0.9375,0.9923746259816842
21.86713420172242,0.6904761904761905,0.9375,0.9927030663355523
*-*-*-*-*-*-*-*-*-*10/04/2016 05:28:12*-*-*-*-*-*-*-*-*-* - Num. Evolutions:9000*-*-*-*-*-*-*-*-*-*
TV LCD-9000-false
8,21,3
21.86459093142432,0.738095238095238,0.5625,0.7473560897953888
21.86402197100524,0.7619047619047619,0.6875,0.871745926609007
21.86369451325762,0.7857142857142858,0.8541666666666666,0.9859082672066539
21.86148486123968,0.738095238095238,0.9375,0.9938215650467783
21.862528054803487,0.8571428571428572,0.9375,0.9956715916898556
21.86406712287511,0.8333333333333335,0.9375,0.9952018915600919
21.863133912963395,0.7857142857142857,0.9375,0.9930039144213109
21.867146283118974,0.6904761904761905,0.9375,0.9927030663355523
*-*-*-*-*-*-*-*-*-*10/04/2016 05:44:39*-*-*-*-*-*-*-*-*-* - Num. Evolutions:9000*-*-*-*-*-*-*-*-*-*
TV LCD-9000-false
8,21,3
21.86459093142432,0.738095238095238,0.5625,0.7473560897953888
21.86402197100524,0.7619047619047619,0.6875,0.871745926609007
21.863541540763684,0.8333333333333335,0.9375,0.9952018915600919
21.861451308369055,0.738095238095238,0.9375,0.9938215650467783
21.862528054803487,0.8571428571428572,0.9375,0.9956715916898556
21.86418600700954,0.8333333333333333,0.9375,0.9944130148106024
21.863178626792983,0.7619047619047619,0.9375,0.9923746259816842
21.86714986665974,0.6904761904761905,0.9375,0.9927030663355523
*-*-*-*-*-*-*-*-*-*10/04/2016 05:50:15*-*-*-*-*-*-*-*-*-* - Num. Evolutions:9000*-*-*-*-*-*-*-*-*-*
TV LCD-9000-false
8,21,3
21.86459093142432,0.738095238095238,0.5625,0.7473560897953888
21.86402197100524,0.7619047619047619,0.6875,0.871745926609007
21.86369451325762,0.7857142857142858,0.8541666666666666,0.9859082672066539
21.86148486123968,0.738095238095238,0.9375,0.9938215650467783
21.862528054803487,0.8571428571428572,0.9375,0.9956715916898556
21.86406712287511,0.8333333333333335,0.9375,0.9952018915600919
21.863133912963395,0.7857142857142857,0.9375,0.9930039144213109
21.86711808743315,0.6904761904761905,0.9375,0.9927030663355523
*-*-*-*-*-*-*-*-*-*10/04/2016 06:06:47*-*-*-*-*-*-*-*-*-* - Num. Evolutions:9000*-*-*-*-*-*-*-*-*-*
TV LCD-9000-false
8,21,3
21.8643471920605,0.7619047619047619,0.5625,0.7903730455550821
21.86416879750447,0.8095238095238095,0.8125,0.9722600272735377
21.86369451325762,0.7857142857142858,0.8541666666666666,0.9859082672066539
21.861525394237972,0.738095238095238,0.9375,0.9938215650467783
21.862522254096888,0.8571428571428572,0.9375,0.9956715916898556
21.864002491526982,0.8333333333333335,0.9375,0.9952018915600919
21.86326908709038,0.7619047619047619,0.9375,0.9923746259816842
21.867146283118974,0.6904761904761905,0.9375,0.9927030663355523
*-*-*-*-*-*-*-*-*-*10/04/2016 06:12:21*-*-*-*-*-*-*-*-*-* - Num. Evolutions:9000*-*-*-*-*-*-*-*-*-*
TV LCD-9000-false
8,21,3
21.864559417616785,0.7619047619047619,0.5625,0.7918064319617895
21.86402197100524,0.7619047619047619,0.6875,0.871745926609007
21.86369451325762,0.7857142857142858,0.8541666666666666,0.9859082672066539
21.86147256829083,0.738095238095238,0.9375,0.9938215650467783
21.862528054803487,0.8571428571428572,0.9375,0.9956715916898556
21.86418600700954,0.8333333333333333,0.9375,0.9944130148106024
21.863308515634525,0.7619047619047619,0.9375,0.9923746259816842
21.867141191710108,0.6904761904761905,0.9375,0.9927030663355523
*-*-*-*-*-*-*-*-*-*10/04/2016 06:28:55*-*-*-*-*-*-*-*-*-* - Num. Evolutions:9000*-*-*-*-*-*-*-*-*-*
TV LCD-9000-false
8,21,3
21.86459093142432,0.738095238095238,0.5625,0.7473560897953888
21.864263068088693,0.7619047619047619,0.8125,0.9714954365414643
21.86369451325762,0.7857142857142858,0.8541666666666666,0.9859082672066539
21.861586981048536,0.738095238095238,0.9375,0.9938215650467783
21.862528054803487,0.8571428571428572,0.9375,0.9956715916898556
21.86418600700954,0.8333333333333333,0.9375,0.9944130148106024
21.86326908709038,0.7619047619047619,0.9375,0.9923746259816842
21.8671253171826,0.6904761904761905,0.9375,0.9927030663355523
*-*-*-*-*-*-*-*-*-*10/04/2016 06:34:24*-*-*-*-*-*-*-*-*-* - Num. Evolutions:9000*-*-*-*-*-*-*-*-*-*
TV LCD-9000-false
8,21,3
21.86459093142432,0.738095238095238,0.5625,0.7473560897953888
21.86416879750447,0.8095238095238095,0.8125,0.9722600272735377
21.86369451325762,0.7857142857142858,0.8541666666666666,0.9859082672066539
21.86148486123968,0.738095238095238,0.9375,0.9938215650467783
21.862528054803487,0.8571428571428572,0.9375,0.9956715916898556
21.864037071627333,0.8571428571428572,0.9375,0.9956715916898556
21.863133912963395,0.7857142857142857,0.9375,0.9930039144213109
21.867146283118974,0.6904761904761905,0.9375,0.9927030663355523
*-*-*-*-*-*-*-*-*-*10/04/2016 06:51:19*-*-*-*-*-*-*-*-*-* - Num. Evolutions:10000*-*-*-*-*-*-*-*-*-*
TV LCD-10000-false
8,21,3
21.86459093142432,0.738095238095238,0.5625,0.7473560897953888
21.86402197100524,0.7619047619047619,0.6875,0.871745926609007
21.86369451325762,0.7857142857142858,0.8541666666666666,0.9859082672066539
21.86148486123968,0.738095238095238,0.9375,0.9938215650467783
21.862522254096888,0.8571428571428572,0.9375,0.9956715916898556
21.86418600700954,0.8333333333333333,0.9375,0.9944130148106024
21.863133912963395,0.7857142857142857,0.9375,0.9930039144213109
21.8671253171826,0.6904761904761905,0.9375,0.9927030663355523
*-*-*-*-*-*-*-*-*-*10/04/2016 06:57:14*-*-*-*-*-*-*-*-*-* - Num. Evolutions:10000*-*-*-*-*-*-*-*-*-*
TV LCD-10000-false
8,21,3
21.86459093142432,0.738095238095238,0.5625,0.7473560897953888
21.86416879750447,0.8095238095238095,0.8125,0.9722600272735377
21.86371978635459,0.7857142857142858,0.8541666666666666,0.9859082672066539
21.86147256829083,0.738095238095238,0.9375,0.9938215650467783
21.862522254096888,0.8571428571428572,0.9375,0.9956715916898556
21.86418600700954,0.8333333333333333,0.9375,0.9944130148106024
21.863133912963395,0.7857142857142857,0.9375,0.9930039144213109
21.867121099257517,0.6904761904761905,0.9375,0.9927030663355523
*-*-*-*-*-*-*-*-*-*10/04/2016 07:15:18*-*-*-*-*-*-*-*-*-* - Num. Evolutions:10000*-*-*-*-*-*-*-*-*-*
TV LCD-10000-false
8,21,3
21.86459093142432,0.738095238095238,0.5625,0.7473560897953888
21.864263068088693,0.7619047619047619,0.8125,0.9714954365414643
21.86369451325762,0.7857142857142858,0.8541666666666666,0.9859082672066539
21.86147256829083,0.738095238095238,0.9375,0.9938215650467783
21.862528054803487,0.8571428571428572,0.9375,0.9956715916898556
21.86418600700954,0.8333333333333333,0.9375,0.9944130148106024
21.863308515634525,0.7619047619047619,0.9375,0.9923746259816842
21.867146283118974,0.6904761904761905,0.9375,0.9927030663355523
*-*-*-*-*-*-*-*-*-*10/04/2016 07:21:51*-*-*-*-*-*-*-*-*-* - Num. Evolutions:10000*-*-*-*-*-*-*-*-*-*
TV LCD-10000-false
8,21,3
21.86459093142432,0.738095238095238,0.5625,0.7473560897953888
21.86416879750447,0.8095238095238095,0.8125,0.9722600272735377
21.86369451325762,0.7857142857142858,0.8541666666666666,0.9859082672066539
21.86148486123968,0.738095238095238,0.9375,0.9938215650467783
21.862528054803487,0.8571428571428572,0.9375,0.9956715916898556
21.86418600700954,0.8333333333333333,0.9375,0.9944130148106024
21.863133912963395,0.7857142857142857,0.9375,0.9930039144213109
21.867146283118974,0.6904761904761905,0.9375,0.9927030663355523
*-*-*-*-*-*-*-*-*-*10/04/2016 07:39:58*-*-*-*-*-*-*-*-*-* - Num. Evolutions:10000*-*-*-*-*-*-*-*-*-*
TV LCD-10000-false
8,21,3
21.86459093142432,0.738095238095238,0.5625,0.7473560897953888
21.864263068088693,0.7619047619047619,0.8125,0.9714954365414643
21.86369451325762,0.7857142857142858,0.8541666666666666,0.9859082672066539
21.86155305019955,0.738095238095238,0.9375,0.9938215650467783
21.862522254096888,0.8571428571428572,0.9375,0.9956715916898556
21.86418600700954,0.8333333333333333,0.9375,0.9944130148106024
21.863133912963395,0.7857142857142857,0.9375,0.9930039144213109
21.867146283118974,0.6904761904761905,0.9375,0.9927030663355523
*-*-*-*-*-*-*-*-*-*10/04/2016 07:46:47*-*-*-*-*-*-*-*-*-* - Num. Evolutions:10000*-*-*-*-*-*-*-*-*-*
TV LCD-10000-false
8,21,3
21.86459093142432,0.738095238095238,0.5625,0.7473560897953888
21.86416879750447,0.8095238095238095,0.8125,0.9722600272735377
21.86369451325762,0.7857142857142858,0.8541666666666666,0.9859082672066539
21.861451308369055,0.738095238095238,0.9375,0.9938215650467783
21.862528054803487,0.8571428571428572,0.9375,0.9956715916898556
21.864037071627333,0.8571428571428572,0.9375,0.9956715916898556
21.86319406727664,0.7619047619047619,0.9375,0.9923746259816842
21.867141191710108,0.6904761904761905,0.9375,0.9927030663355523
*-*-*-*-*-*-*-*-*-*10/04/2016 08:04:31*-*-*-*-*-*-*-*-*-* - Num. Evolutions:10000*-*-*-*-*-*-*-*-*-*
TV LCD-10000-false
8,21,3
21.8643471920605,0.7619047619047619,0.5625,0.7903730455550821
21.86416879750447,0.8095238095238095,0.8125,0.9722600272735377
21.86369451325762,0.7857142857142858,0.8541666666666666,0.9859082672066539
21.86163336108621,0.738095238095238,0.9375,0.9938215650467783
21.862522254096888,0.8571428571428572,0.9375,0.9956715916898556
21.86418600700954,0.8333333333333333,0.9375,0.9944130148106024
21.863133912963395,0.7857142857142857,0.9375,0.9930039144213109
21.86713420172242,0.6904761904761905,0.9375,0.9927030663355523
*-*-*-*-*-*-*-*-*-*10/04/2016 08:11:14*-*-*-*-*-*-*-*-*-* - Num. Evolutions:10000*-*-*-*-*-*-*-*-*-*
TV LCD-10000-false
8,21,3
21.86459093142432,0.738095238095238,0.5625,0.7473560897953888
21.86416879750447,0.8095238095238095,0.8125,0.9722600272735377
21.86369451325762,0.7857142857142858,0.8541666666666666,0.9859082672066539
21.86147256829083,0.738095238095238,0.9375,0.9938215650467783
21.862522254096888,0.8571428571428572,0.9375,0.9956715916898556
21.86418600700954,0.8333333333333333,0.9375,0.9944130148106024
21.863308515634525,0.7619047619047619,0.9375,0.9923746259816842
21.867141191710108,0.6904761904761905,0.9375,0.9927030663355523
*-*-*-*-*-*-*-*-*-*10/04/2016 08:29:01*-*-*-*-*-*-*-*-*-* - Num. Evolutions:10000*-*-*-*-*-*-*-*-*-*
TV LCD-10000-false
8,21,3
21.86459093142432,0.738095238095238,0.5625,0.7473560897953888
21.86416879750447,0.8095238095238095,0.8125,0.9722600272735377
21.86369451325762,0.7857142857142858,0.8541666666666666,0.9859082672066539
21.86148486123968,0.738095238095238,0.9375,0.9938215650467783
21.862528054803487,0.8571428571428572,0.9375,0.9956715916898556
21.86418600700954,0.8333333333333333,0.9375,0.9944130148106024
21.863133912963395,0.7857142857142857,0.9375,0.9930039144213109
21.867135089219612,0.6904761904761905,0.9375,0.9927030663355523
*-*-*-*-*-*-*-*-*-*10/04/2016 08:35:53*-*-*-*-*-*-*-*-*-* - Num. Evolutions:10000*-*-*-*-*-*-*-*-*-*
TV LCD-10000-false
8,21,3
21.86459093142432,0.738095238095238,0.5625,0.7473560897953888
21.86402197100524,0.7619047619047619,0.6875,0.871745926609007
21.86369451325762,0.7857142857142858,0.8541666666666666,0.9859082672066539
21.86163336108621,0.738095238095238,0.9375,0.9938215650467783
21.862522254096888,0.8571428571428572,0.9375,0.9956715916898556
21.864092482788248,0.8333333333333335,0.9375,0.9952018915600919
21.863133912963395,0.7857142857142857,0.9375,0.9930039144213109
21.8671253171826,0.6904761904761905,0.9375,0.9927030663355523
